<?xml version="1.0" encoding="UTF-8"?>
<!-- Generated by org.testng.reporters.JUnitReportReporter -->
<testsuite hostname="DESKTOP-EJFPSVI" failures="0" tests="1" name="javaPackage.Test1" time="6.354" errors="0" timestamp="12 Aug 2025 19:33:51 GMT" skipped="0">
  <testcase classname="javaPackage.Test1" name="a" time="6.354"/>
</testsuite> <!-- javaPackage.Test1 -->
